ARM GAS  C:\Users\MARIUS~1\AppData\Local\Temp\ccASqq1Y.s 			page 1


   1              		.cpu cortex-m0
   2              		.eabi_attribute 20, 1
   3              		.eabi_attribute 21, 1
   4              		.eabi_attribute 23, 3
   5              		.eabi_attribute 24, 1
   6              		.eabi_attribute 25, 1
   7              		.eabi_attribute 26, 1
   8              		.eabi_attribute 30, 1
   9              		.eabi_attribute 34, 0
  10              		.eabi_attribute 18, 4
  11              		.file	"i2c.c"
  12              		.text
  13              	.Ltext0:
  14              		.cfi_sections	.debug_frame
  15              		.section	.text.MX_I2C2_Init,"ax",%progbits
  16              		.align	1
  17              		.global	MX_I2C2_Init
  18              		.syntax unified
  19              		.code	16
  20              		.thumb_func
  21              		.fpu softvfp
  23              	MX_I2C2_Init:
  24              	.LFB37:
  25              		.file 1 "Src/i2c.c"
   1:Src/i2c.c     **** /**
   2:Src/i2c.c     ****   ******************************************************************************
   3:Src/i2c.c     ****   * File Name          : I2C.c
   4:Src/i2c.c     ****   * Description        : This file provides code for the configuration
   5:Src/i2c.c     ****   *                      of the I2C instances.
   6:Src/i2c.c     ****   ******************************************************************************
   7:Src/i2c.c     ****   ** This notice applies to any and all portions of this file
   8:Src/i2c.c     ****   * that are not between comment pairs USER CODE BEGIN and
   9:Src/i2c.c     ****   * USER CODE END. Other portions of this file, whether
  10:Src/i2c.c     ****   * inserted by the user or by software development tools
  11:Src/i2c.c     ****   * are owned by their respective copyright owners.
  12:Src/i2c.c     ****   *
  13:Src/i2c.c     ****   * COPYRIGHT(c) 2018 STMicroelectronics
  14:Src/i2c.c     ****   *
  15:Src/i2c.c     ****   * Redistribution and use in source and binary forms, with or without modification,
  16:Src/i2c.c     ****   * are permitted provided that the following conditions are met:
  17:Src/i2c.c     ****   *   1. Redistributions of source code must retain the above copyright notice,
  18:Src/i2c.c     ****   *      this list of conditions and the following disclaimer.
  19:Src/i2c.c     ****   *   2. Redistributions in binary form must reproduce the above copyright notice,
  20:Src/i2c.c     ****   *      this list of conditions and the following disclaimer in the documentation
  21:Src/i2c.c     ****   *      and/or other materials provided with the distribution.
  22:Src/i2c.c     ****   *   3. Neither the name of STMicroelectronics nor the names of its contributors
  23:Src/i2c.c     ****   *      may be used to endorse or promote products derived from this software
  24:Src/i2c.c     ****   *      without specific prior written permission.
  25:Src/i2c.c     ****   *
  26:Src/i2c.c     ****   * THIS SOFTWARE IS PROVIDED BY THE COPYRIGHT HOLDERS AND CONTRIBUTORS "AS IS"
  27:Src/i2c.c     ****   * AND ANY EXPRESS OR IMPLIED WARRANTIES, INCLUDING, BUT NOT LIMITED TO, THE
  28:Src/i2c.c     ****   * IMPLIED WARRANTIES OF MERCHANTABILITY AND FITNESS FOR A PARTICULAR PURPOSE ARE
  29:Src/i2c.c     ****   * DISCLAIMED. IN NO EVENT SHALL THE COPYRIGHT HOLDER OR CONTRIBUTORS BE LIABLE
  30:Src/i2c.c     ****   * FOR ANY DIRECT, INDIRECT, INCIDENTAL, SPECIAL, EXEMPLARY, OR CONSEQUENTIAL
  31:Src/i2c.c     ****   * DAMAGES (INCLUDING, BUT NOT LIMITED TO, PROCUREMENT OF SUBSTITUTE GOODS OR
  32:Src/i2c.c     ****   * SERVICES; LOSS OF USE, DATA, OR PROFITS; OR BUSINESS INTERRUPTION) HOWEVER
  33:Src/i2c.c     ****   * CAUSED AND ON ANY THEORY OF LIABILITY, WHETHER IN CONTRACT, STRICT LIABILITY,
ARM GAS  C:\Users\MARIUS~1\AppData\Local\Temp\ccASqq1Y.s 			page 2


  34:Src/i2c.c     ****   * OR TORT (INCLUDING NEGLIGENCE OR OTHERWISE) ARISING IN ANY WAY OUT OF THE USE
  35:Src/i2c.c     ****   * OF THIS SOFTWARE, EVEN IF ADVISED OF THE POSSIBILITY OF SUCH DAMAGE.
  36:Src/i2c.c     ****   *
  37:Src/i2c.c     ****   ******************************************************************************
  38:Src/i2c.c     ****   */
  39:Src/i2c.c     **** 
  40:Src/i2c.c     **** /* Includes ------------------------------------------------------------------*/
  41:Src/i2c.c     **** #include "i2c.h"
  42:Src/i2c.c     **** 
  43:Src/i2c.c     **** #include "gpio.h"
  44:Src/i2c.c     **** 
  45:Src/i2c.c     **** /* USER CODE BEGIN 0 */
  46:Src/i2c.c     **** 
  47:Src/i2c.c     **** /* USER CODE END 0 */
  48:Src/i2c.c     **** 
  49:Src/i2c.c     **** I2C_HandleTypeDef hi2c2;
  50:Src/i2c.c     **** 
  51:Src/i2c.c     **** /* I2C2 init function */
  52:Src/i2c.c     **** void MX_I2C2_Init(void)
  53:Src/i2c.c     **** {
  26              		.loc 1 53 0
  27              		.cfi_startproc
  28              		@ args = 0, pretend = 0, frame = 0
  29              		@ frame_needed = 0, uses_anonymous_args = 0
  30 0000 10B5     		push	{r4, lr}
  31              	.LCFI0:
  32              		.cfi_def_cfa_offset 8
  33              		.cfi_offset 4, -8
  34              		.cfi_offset 14, -4
  54:Src/i2c.c     **** 
  55:Src/i2c.c     ****   hi2c2.Instance = I2C2;
  35              		.loc 1 55 0
  36 0002 1748     		ldr	r0, .L8
  37 0004 174B     		ldr	r3, .L8+4
  38 0006 0360     		str	r3, [r0]
  56:Src/i2c.c     ****   hi2c2.Init.Timing = 0x2000090E;
  39              		.loc 1 56 0
  40 0008 174B     		ldr	r3, .L8+8
  41 000a 4360     		str	r3, [r0, #4]
  57:Src/i2c.c     ****   hi2c2.Init.OwnAddress1 = 0;
  42              		.loc 1 57 0
  43 000c 0023     		movs	r3, #0
  44 000e 8360     		str	r3, [r0, #8]
  58:Src/i2c.c     ****   hi2c2.Init.AddressingMode = I2C_ADDRESSINGMODE_7BIT;
  45              		.loc 1 58 0
  46 0010 0122     		movs	r2, #1
  47 0012 C260     		str	r2, [r0, #12]
  59:Src/i2c.c     ****   hi2c2.Init.DualAddressMode = I2C_DUALADDRESS_DISABLE;
  48              		.loc 1 59 0
  49 0014 0361     		str	r3, [r0, #16]
  60:Src/i2c.c     ****   hi2c2.Init.OwnAddress2 = 0;
  50              		.loc 1 60 0
  51 0016 4361     		str	r3, [r0, #20]
  61:Src/i2c.c     ****   hi2c2.Init.OwnAddress2Masks = I2C_OA2_NOMASK;
  52              		.loc 1 61 0
  53 0018 8361     		str	r3, [r0, #24]
  62:Src/i2c.c     ****   hi2c2.Init.GeneralCallMode = I2C_GENERALCALL_DISABLE;
ARM GAS  C:\Users\MARIUS~1\AppData\Local\Temp\ccASqq1Y.s 			page 3


  54              		.loc 1 62 0
  55 001a C361     		str	r3, [r0, #28]
  63:Src/i2c.c     ****   hi2c2.Init.NoStretchMode = I2C_NOSTRETCH_DISABLE;
  56              		.loc 1 63 0
  57 001c 0362     		str	r3, [r0, #32]
  64:Src/i2c.c     ****   if (HAL_I2C_Init(&hi2c2) != HAL_OK)
  58              		.loc 1 64 0
  59 001e FFF7FEFF 		bl	HAL_I2C_Init
  60              	.LVL0:
  61 0022 0028     		cmp	r0, #0
  62 0024 0CD1     		bne	.L5
  63              	.L2:
  65:Src/i2c.c     ****   {
  66:Src/i2c.c     ****     _Error_Handler(__FILE__, __LINE__);
  67:Src/i2c.c     ****   }
  68:Src/i2c.c     **** 
  69:Src/i2c.c     ****     /**Configure Analogue filter
  70:Src/i2c.c     ****     */
  71:Src/i2c.c     ****   if (HAL_I2CEx_ConfigAnalogFilter(&hi2c2, I2C_ANALOGFILTER_ENABLE) != HAL_OK)
  64              		.loc 1 71 0
  65 0026 0021     		movs	r1, #0
  66 0028 0D48     		ldr	r0, .L8
  67 002a FFF7FEFF 		bl	HAL_I2CEx_ConfigAnalogFilter
  68              	.LVL1:
  69 002e 0028     		cmp	r0, #0
  70 0030 0BD1     		bne	.L6
  71              	.L3:
  72:Src/i2c.c     ****   {
  73:Src/i2c.c     ****     _Error_Handler(__FILE__, __LINE__);
  74:Src/i2c.c     ****   }
  75:Src/i2c.c     **** 
  76:Src/i2c.c     ****     /**Configure Digital filter
  77:Src/i2c.c     ****     */
  78:Src/i2c.c     ****   if (HAL_I2CEx_ConfigDigitalFilter(&hi2c2, 0) != HAL_OK)
  72              		.loc 1 78 0
  73 0032 0021     		movs	r1, #0
  74 0034 0A48     		ldr	r0, .L8
  75 0036 FFF7FEFF 		bl	HAL_I2CEx_ConfigDigitalFilter
  76              	.LVL2:
  77 003a 0028     		cmp	r0, #0
  78 003c 0AD1     		bne	.L7
  79              	.L1:
  79:Src/i2c.c     ****   {
  80:Src/i2c.c     ****     _Error_Handler(__FILE__, __LINE__);
  81:Src/i2c.c     ****   }
  82:Src/i2c.c     **** 
  83:Src/i2c.c     **** }
  80              		.loc 1 83 0
  81              		@ sp needed
  82 003e 10BD     		pop	{r4, pc}
  83              	.L5:
  66:Src/i2c.c     ****   }
  84              		.loc 1 66 0
  85 0040 4221     		movs	r1, #66
  86 0042 0A48     		ldr	r0, .L8+12
  87 0044 FFF7FEFF 		bl	_Error_Handler
  88              	.LVL3:
ARM GAS  C:\Users\MARIUS~1\AppData\Local\Temp\ccASqq1Y.s 			page 4


  89 0048 EDE7     		b	.L2
  90              	.L6:
  73:Src/i2c.c     ****   }
  91              		.loc 1 73 0
  92 004a 4921     		movs	r1, #73
  93 004c 0748     		ldr	r0, .L8+12
  94 004e FFF7FEFF 		bl	_Error_Handler
  95              	.LVL4:
  96 0052 EEE7     		b	.L3
  97              	.L7:
  80:Src/i2c.c     ****   }
  98              		.loc 1 80 0
  99 0054 5021     		movs	r1, #80
 100 0056 0548     		ldr	r0, .L8+12
 101 0058 FFF7FEFF 		bl	_Error_Handler
 102              	.LVL5:
 103              		.loc 1 83 0
 104 005c EFE7     		b	.L1
 105              	.L9:
 106 005e C046     		.align	2
 107              	.L8:
 108 0060 00000000 		.word	hi2c2
 109 0064 00580040 		.word	1073764352
 110 0068 0E090020 		.word	536873230
 111 006c 00000000 		.word	.LC1
 112              		.cfi_endproc
 113              	.LFE37:
 115              		.section	.text.HAL_I2C_MspInit,"ax",%progbits
 116              		.align	1
 117              		.global	HAL_I2C_MspInit
 118              		.syntax unified
 119              		.code	16
 120              		.thumb_func
 121              		.fpu softvfp
 123              	HAL_I2C_MspInit:
 124              	.LFB38:
  84:Src/i2c.c     **** 
  85:Src/i2c.c     **** void HAL_I2C_MspInit(I2C_HandleTypeDef* i2cHandle)
  86:Src/i2c.c     **** {
 125              		.loc 1 86 0
 126              		.cfi_startproc
 127              		@ args = 0, pretend = 0, frame = 24
 128              		@ frame_needed = 0, uses_anonymous_args = 0
 129              	.LVL6:
 130 0000 00B5     		push	{lr}
 131              	.LCFI1:
 132              		.cfi_def_cfa_offset 4
 133              		.cfi_offset 14, -4
 134 0002 87B0     		sub	sp, sp, #28
 135              	.LCFI2:
 136              		.cfi_def_cfa_offset 32
  87:Src/i2c.c     **** 
  88:Src/i2c.c     ****   GPIO_InitTypeDef GPIO_InitStruct;
  89:Src/i2c.c     ****   if(i2cHandle->Instance==I2C2)
 137              		.loc 1 89 0
 138 0004 0268     		ldr	r2, [r0]
 139 0006 0F4B     		ldr	r3, .L13
ARM GAS  C:\Users\MARIUS~1\AppData\Local\Temp\ccASqq1Y.s 			page 5


 140 0008 9A42     		cmp	r2, r3
 141 000a 01D0     		beq	.L12
 142              	.LVL7:
 143              	.L10:
  90:Src/i2c.c     ****   {
  91:Src/i2c.c     ****   /* USER CODE BEGIN I2C2_MspInit 0 */
  92:Src/i2c.c     **** 
  93:Src/i2c.c     ****   /* USER CODE END I2C2_MspInit 0 */
  94:Src/i2c.c     **** 
  95:Src/i2c.c     ****     /**I2C2 GPIO Configuration
  96:Src/i2c.c     ****     PB10     ------> I2C2_SCL
  97:Src/i2c.c     ****     PB11     ------> I2C2_SDA
  98:Src/i2c.c     ****     */
  99:Src/i2c.c     ****     GPIO_InitStruct.Pin = GPIO_PIN_10|GPIO_PIN_11;
 100:Src/i2c.c     ****     GPIO_InitStruct.Mode = GPIO_MODE_AF_OD;
 101:Src/i2c.c     ****     GPIO_InitStruct.Pull = GPIO_PULLUP;
 102:Src/i2c.c     ****     GPIO_InitStruct.Speed = GPIO_SPEED_FREQ_HIGH;
 103:Src/i2c.c     ****     GPIO_InitStruct.Alternate = GPIO_AF1_I2C2;
 104:Src/i2c.c     ****     HAL_GPIO_Init(GPIOB, &GPIO_InitStruct);
 105:Src/i2c.c     **** 
 106:Src/i2c.c     ****     /* I2C2 clock enable */
 107:Src/i2c.c     ****     __HAL_RCC_I2C2_CLK_ENABLE();
 108:Src/i2c.c     ****   /* USER CODE BEGIN I2C2_MspInit 1 */
 109:Src/i2c.c     **** 
 110:Src/i2c.c     ****   /* USER CODE END I2C2_MspInit 1 */
 111:Src/i2c.c     ****   }
 112:Src/i2c.c     **** }
 144              		.loc 1 112 0
 145 000c 07B0     		add	sp, sp, #28
 146              		@ sp needed
 147 000e 00BD     		pop	{pc}
 148              	.LVL8:
 149              	.L12:
  99:Src/i2c.c     ****     GPIO_InitStruct.Mode = GPIO_MODE_AF_OD;
 150              		.loc 1 99 0
 151 0010 C023     		movs	r3, #192
 152 0012 1B01     		lsls	r3, r3, #4
 153 0014 0193     		str	r3, [sp, #4]
 100:Src/i2c.c     ****     GPIO_InitStruct.Pull = GPIO_PULLUP;
 154              		.loc 1 100 0
 155 0016 1223     		movs	r3, #18
 156 0018 0293     		str	r3, [sp, #8]
 101:Src/i2c.c     ****     GPIO_InitStruct.Speed = GPIO_SPEED_FREQ_HIGH;
 157              		.loc 1 101 0
 158 001a 113B     		subs	r3, r3, #17
 159 001c 0393     		str	r3, [sp, #12]
 102:Src/i2c.c     ****     GPIO_InitStruct.Alternate = GPIO_AF1_I2C2;
 160              		.loc 1 102 0
 161 001e 0322     		movs	r2, #3
 162 0020 0492     		str	r2, [sp, #16]
 103:Src/i2c.c     ****     HAL_GPIO_Init(GPIOB, &GPIO_InitStruct);
 163              		.loc 1 103 0
 164 0022 0593     		str	r3, [sp, #20]
 104:Src/i2c.c     **** 
 165              		.loc 1 104 0
 166 0024 01A9     		add	r1, sp, #4
 167 0026 0848     		ldr	r0, .L13+4
ARM GAS  C:\Users\MARIUS~1\AppData\Local\Temp\ccASqq1Y.s 			page 6


 168              	.LVL9:
 169 0028 FFF7FEFF 		bl	HAL_GPIO_Init
 170              	.LVL10:
 171              	.LBB2:
 107:Src/i2c.c     ****   /* USER CODE BEGIN I2C2_MspInit 1 */
 172              		.loc 1 107 0
 173 002c 074A     		ldr	r2, .L13+8
 174 002e D169     		ldr	r1, [r2, #28]
 175 0030 8020     		movs	r0, #128
 176 0032 C003     		lsls	r0, r0, #15
 177 0034 0143     		orrs	r1, r0
 178 0036 D161     		str	r1, [r2, #28]
 179 0038 D369     		ldr	r3, [r2, #28]
 180 003a 0340     		ands	r3, r0
 181 003c 0093     		str	r3, [sp]
 182 003e 009B     		ldr	r3, [sp]
 183              	.LBE2:
 184              		.loc 1 112 0
 185 0040 E4E7     		b	.L10
 186              	.L14:
 187 0042 C046     		.align	2
 188              	.L13:
 189 0044 00580040 		.word	1073764352
 190 0048 00040048 		.word	1207960576
 191 004c 00100240 		.word	1073876992
 192              		.cfi_endproc
 193              	.LFE38:
 195              		.section	.text.HAL_I2C_MspDeInit,"ax",%progbits
 196              		.align	1
 197              		.global	HAL_I2C_MspDeInit
 198              		.syntax unified
 199              		.code	16
 200              		.thumb_func
 201              		.fpu softvfp
 203              	HAL_I2C_MspDeInit:
 204              	.LFB39:
 113:Src/i2c.c     **** 
 114:Src/i2c.c     **** void HAL_I2C_MspDeInit(I2C_HandleTypeDef* i2cHandle)
 115:Src/i2c.c     **** {
 205              		.loc 1 115 0
 206              		.cfi_startproc
 207              		@ args = 0, pretend = 0, frame = 0
 208              		@ frame_needed = 0, uses_anonymous_args = 0
 209              	.LVL11:
 210 0000 10B5     		push	{r4, lr}
 211              	.LCFI3:
 212              		.cfi_def_cfa_offset 8
 213              		.cfi_offset 4, -8
 214              		.cfi_offset 14, -4
 116:Src/i2c.c     **** 
 117:Src/i2c.c     ****   if(i2cHandle->Instance==I2C2)
 215              		.loc 1 117 0
 216 0002 0268     		ldr	r2, [r0]
 217 0004 074B     		ldr	r3, .L18
 218 0006 9A42     		cmp	r2, r3
 219 0008 00D0     		beq	.L17
 220              	.LVL12:
ARM GAS  C:\Users\MARIUS~1\AppData\Local\Temp\ccASqq1Y.s 			page 7


 221              	.L15:
 118:Src/i2c.c     ****   {
 119:Src/i2c.c     ****   /* USER CODE BEGIN I2C2_MspDeInit 0 */
 120:Src/i2c.c     **** 
 121:Src/i2c.c     ****   /* USER CODE END I2C2_MspDeInit 0 */
 122:Src/i2c.c     ****     /* Peripheral clock disable */
 123:Src/i2c.c     ****     __HAL_RCC_I2C2_CLK_DISABLE();
 124:Src/i2c.c     **** 
 125:Src/i2c.c     ****     /**I2C2 GPIO Configuration
 126:Src/i2c.c     ****     PB10     ------> I2C2_SCL
 127:Src/i2c.c     ****     PB11     ------> I2C2_SDA
 128:Src/i2c.c     ****     */
 129:Src/i2c.c     ****     HAL_GPIO_DeInit(GPIOB, GPIO_PIN_10|GPIO_PIN_11);
 130:Src/i2c.c     **** 
 131:Src/i2c.c     ****   /* USER CODE BEGIN I2C2_MspDeInit 1 */
 132:Src/i2c.c     **** 
 133:Src/i2c.c     ****   /* USER CODE END I2C2_MspDeInit 1 */
 134:Src/i2c.c     ****   }
 135:Src/i2c.c     **** }
 222              		.loc 1 135 0
 223              		@ sp needed
 224 000a 10BD     		pop	{r4, pc}
 225              	.LVL13:
 226              	.L17:
 123:Src/i2c.c     **** 
 227              		.loc 1 123 0
 228 000c 064A     		ldr	r2, .L18+4
 229 000e D369     		ldr	r3, [r2, #28]
 230 0010 0649     		ldr	r1, .L18+8
 231 0012 0B40     		ands	r3, r1
 232 0014 D361     		str	r3, [r2, #28]
 129:Src/i2c.c     **** 
 233              		.loc 1 129 0
 234 0016 C021     		movs	r1, #192
 235 0018 0901     		lsls	r1, r1, #4
 236 001a 0548     		ldr	r0, .L18+12
 237              	.LVL14:
 238 001c FFF7FEFF 		bl	HAL_GPIO_DeInit
 239              	.LVL15:
 240              		.loc 1 135 0
 241 0020 F3E7     		b	.L15
 242              	.L19:
 243 0022 C046     		.align	2
 244              	.L18:
 245 0024 00580040 		.word	1073764352
 246 0028 00100240 		.word	1073876992
 247 002c FFFFBFFF 		.word	-4194305
 248 0030 00040048 		.word	1207960576
 249              		.cfi_endproc
 250              	.LFE39:
 252              		.section	.text.i2c_master_write,"ax",%progbits
 253              		.align	1
 254              		.global	i2c_master_write
 255              		.syntax unified
 256              		.code	16
 257              		.thumb_func
 258              		.fpu softvfp
ARM GAS  C:\Users\MARIUS~1\AppData\Local\Temp\ccASqq1Y.s 			page 8


 260              	i2c_master_write:
 261              	.LFB40:
 136:Src/i2c.c     **** 
 137:Src/i2c.c     **** /* USER CODE BEGIN 1 */
 138:Src/i2c.c     **** void i2c_master_write(uint8_t address, uint8_t *tx_data, uint32_t tx_length)
 139:Src/i2c.c     **** {
 262              		.loc 1 139 0
 263              		.cfi_startproc
 264              		@ args = 0, pretend = 0, frame = 0
 265              		@ frame_needed = 0, uses_anonymous_args = 0
 266              	.LVL16:
 267 0000 10B5     		push	{r4, lr}
 268              	.LCFI4:
 269              		.cfi_def_cfa_offset 8
 270              		.cfi_offset 4, -8
 271              		.cfi_offset 14, -4
 272 0002 82B0     		sub	sp, sp, #8
 273              	.LCFI5:
 274              		.cfi_def_cfa_offset 16
 275 0004 0C00     		movs	r4, r1
 140:Src/i2c.c     ****   HAL_I2C_Master_Transmit(&hi2c2, address, tx_data, tx_length, 1);
 276              		.loc 1 140 0
 277 0006 93B2     		uxth	r3, r2
 278 0008 81B2     		uxth	r1, r0
 279              	.LVL17:
 280 000a 0122     		movs	r2, #1
 281              	.LVL18:
 282 000c 0092     		str	r2, [sp]
 283 000e 2200     		movs	r2, r4
 284 0010 0248     		ldr	r0, .L21
 285              	.LVL19:
 286 0012 FFF7FEFF 		bl	HAL_I2C_Master_Transmit
 287              	.LVL20:
 141:Src/i2c.c     **** }
 288              		.loc 1 141 0
 289 0016 02B0     		add	sp, sp, #8
 290              		@ sp needed
 291              	.LVL21:
 292 0018 10BD     		pop	{r4, pc}
 293              	.L22:
 294 001a C046     		.align	2
 295              	.L21:
 296 001c 00000000 		.word	hi2c2
 297              		.cfi_endproc
 298              	.LFE40:
 300              		.section	.text.i2c_master_read,"ax",%progbits
 301              		.align	1
 302              		.global	i2c_master_read
 303              		.syntax unified
 304              		.code	16
 305              		.thumb_func
 306              		.fpu softvfp
 308              	i2c_master_read:
 309              	.LFB41:
 142:Src/i2c.c     **** 
 143:Src/i2c.c     **** void i2c_master_read(uint8_t address, uint8_t reg, uint32_t tx_length, uint8_t *rx_data, uint32_t r
 144:Src/i2c.c     **** {
ARM GAS  C:\Users\MARIUS~1\AppData\Local\Temp\ccASqq1Y.s 			page 9


 310              		.loc 1 144 0
 311              		.cfi_startproc
 312              		@ args = 4, pretend = 0, frame = 0
 313              		@ frame_needed = 0, uses_anonymous_args = 0
 314              	.LVL22:
 315 0000 10B5     		push	{r4, lr}
 316              	.LCFI6:
 317              		.cfi_def_cfa_offset 8
 318              		.cfi_offset 4, -8
 319              		.cfi_offset 14, -4
 320 0002 84B0     		sub	sp, sp, #16
 321              	.LCFI7:
 322              		.cfi_def_cfa_offset 24
 323 0004 1C00     		movs	r4, r3
 145:Src/i2c.c     ****   HAL_I2C_Mem_Read(&hi2c2, address, reg,  tx_length,  rx_data,  rx_length, 1);
 324              		.loc 1 145 0
 325 0006 93B2     		uxth	r3, r2
 326              	.LVL23:
 327 0008 8AB2     		uxth	r2, r1
 328              	.LVL24:
 329 000a 81B2     		uxth	r1, r0
 330              	.LVL25:
 331 000c 0120     		movs	r0, #1
 332              	.LVL26:
 333 000e 0290     		str	r0, [sp, #8]
 334 0010 0698     		ldr	r0, [sp, #24]
 335 0012 80B2     		uxth	r0, r0
 336 0014 0190     		str	r0, [sp, #4]
 337 0016 0094     		str	r4, [sp]
 338 0018 0248     		ldr	r0, .L24
 339 001a FFF7FEFF 		bl	HAL_I2C_Mem_Read
 340              	.LVL27:
 146:Src/i2c.c     **** }
 341              		.loc 1 146 0
 342 001e 04B0     		add	sp, sp, #16
 343              		@ sp needed
 344              	.LVL28:
 345 0020 10BD     		pop	{r4, pc}
 346              	.L25:
 347 0022 C046     		.align	2
 348              	.L24:
 349 0024 00000000 		.word	hi2c2
 350              		.cfi_endproc
 351              	.LFE41:
 353              		.comm	hi2c2,76,4
 354              		.section	.rodata.MX_I2C2_Init.str1.4,"aMS",%progbits,1
 355              		.align	2
 356              	.LC1:
 357 0000 5372632F 		.ascii	"Src/i2c.c\000"
 357      6932632E 
 357      6300
 358              		.text
 359              	.Letext0:
 360              		.file 2 "c:\\program files (x86)\\gnu tools arm embedded\\7 2018-q2-update\\arm-none-eabi\\include
 361              		.file 3 "c:\\program files (x86)\\gnu tools arm embedded\\7 2018-q2-update\\arm-none-eabi\\include
 362              		.file 4 "Drivers/CMSIS/Device/ST/STM32F0xx/Include/system_stm32f0xx.h"
 363              		.file 5 "Drivers/CMSIS/Device/ST/STM32F0xx/Include/stm32f030xc.h"
ARM GAS  C:\Users\MARIUS~1\AppData\Local\Temp\ccASqq1Y.s 			page 10


 364              		.file 6 "c:\\program files (x86)\\gnu tools arm embedded\\7 2018-q2-update\\arm-none-eabi\\include
 365              		.file 7 "c:\\program files (x86)\\gnu tools arm embedded\\7 2018-q2-update\\arm-none-eabi\\include
 366              		.file 8 "c:\\program files (x86)\\gnu tools arm embedded\\7 2018-q2-update\\lib\\gcc\\arm-none-eab
 367              		.file 9 "c:\\program files (x86)\\gnu tools arm embedded\\7 2018-q2-update\\arm-none-eabi\\include
 368              		.file 10 "Drivers/STM32F0xx_HAL_Driver/Inc/stm32f0xx_hal_def.h"
 369              		.file 11 "Drivers/STM32F0xx_HAL_Driver/Inc/stm32f0xx_hal_gpio.h"
 370              		.file 12 "Drivers/STM32F0xx_HAL_Driver/Inc/stm32f0xx_hal_dma.h"
 371              		.file 13 "Drivers/STM32F0xx_HAL_Driver/Inc/stm32f0xx_hal_i2c.h"
 372              		.file 14 "Inc/i2c.h"
 373              		.file 15 "Drivers/STM32F0xx_HAL_Driver/Inc/stm32f0xx_hal_i2c_ex.h"
ARM GAS  C:\Users\MARIUS~1\AppData\Local\Temp\ccASqq1Y.s 			page 11


DEFINED SYMBOLS
                            *ABS*:00000000 i2c.c
C:\Users\MARIUS~1\AppData\Local\Temp\ccASqq1Y.s:16     .text.MX_I2C2_Init:00000000 $t
C:\Users\MARIUS~1\AppData\Local\Temp\ccASqq1Y.s:23     .text.MX_I2C2_Init:00000000 MX_I2C2_Init
C:\Users\MARIUS~1\AppData\Local\Temp\ccASqq1Y.s:108    .text.MX_I2C2_Init:00000060 $d
                            *COM*:0000004c hi2c2
C:\Users\MARIUS~1\AppData\Local\Temp\ccASqq1Y.s:116    .text.HAL_I2C_MspInit:00000000 $t
C:\Users\MARIUS~1\AppData\Local\Temp\ccASqq1Y.s:123    .text.HAL_I2C_MspInit:00000000 HAL_I2C_MspInit
C:\Users\MARIUS~1\AppData\Local\Temp\ccASqq1Y.s:189    .text.HAL_I2C_MspInit:00000044 $d
C:\Users\MARIUS~1\AppData\Local\Temp\ccASqq1Y.s:196    .text.HAL_I2C_MspDeInit:00000000 $t
C:\Users\MARIUS~1\AppData\Local\Temp\ccASqq1Y.s:203    .text.HAL_I2C_MspDeInit:00000000 HAL_I2C_MspDeInit
C:\Users\MARIUS~1\AppData\Local\Temp\ccASqq1Y.s:245    .text.HAL_I2C_MspDeInit:00000024 $d
C:\Users\MARIUS~1\AppData\Local\Temp\ccASqq1Y.s:253    .text.i2c_master_write:00000000 $t
C:\Users\MARIUS~1\AppData\Local\Temp\ccASqq1Y.s:260    .text.i2c_master_write:00000000 i2c_master_write
C:\Users\MARIUS~1\AppData\Local\Temp\ccASqq1Y.s:296    .text.i2c_master_write:0000001c $d
C:\Users\MARIUS~1\AppData\Local\Temp\ccASqq1Y.s:301    .text.i2c_master_read:00000000 $t
C:\Users\MARIUS~1\AppData\Local\Temp\ccASqq1Y.s:308    .text.i2c_master_read:00000000 i2c_master_read
C:\Users\MARIUS~1\AppData\Local\Temp\ccASqq1Y.s:349    .text.i2c_master_read:00000024 $d
C:\Users\MARIUS~1\AppData\Local\Temp\ccASqq1Y.s:355    .rodata.MX_I2C2_Init.str1.4:00000000 $d

UNDEFINED SYMBOLS
HAL_I2C_Init
HAL_I2CEx_ConfigAnalogFilter
HAL_I2CEx_ConfigDigitalFilter
_Error_Handler
HAL_GPIO_Init
HAL_GPIO_DeInit
HAL_I2C_Master_Transmit
HAL_I2C_Mem_Read
