ARM GAS  C:\Users\MARIUS~1\AppData\Local\Temp\ccnlUyIM.s 			page 1


   1              		.cpu cortex-m0
   2              		.eabi_attribute 20, 1
   3              		.eabi_attribute 21, 1
   4              		.eabi_attribute 23, 3
   5              		.eabi_attribute 24, 1
   6              		.eabi_attribute 25, 1
   7              		.eabi_attribute 26, 1
   8              		.eabi_attribute 30, 1
   9              		.eabi_attribute 34, 0
  10              		.eabi_attribute 18, 4
  11              		.file	"pca9685.c"
  12              		.text
  13              	.Ltext0:
  14              		.cfi_sections	.debug_frame
  15              		.section	.text.i2c_write_reg8,"ax",%progbits
  16              		.align	1
  17              		.syntax unified
  18              		.code	16
  19              		.thumb_func
  20              		.fpu softvfp
  22              	i2c_write_reg8:
  23              	.LFB38:
  24              		.file 1 "Src/pca9685.c"
   1:Src/pca9685.c **** #include "i2c.h"
   2:Src/pca9685.c **** #include "pca9685.h"
   3:Src/pca9685.c **** 
   4:Src/pca9685.c **** static uint8_t i2c_read_reg8(uint8_t address, uint8_t reg)
   5:Src/pca9685.c **** {
   6:Src/pca9685.c **** 	uint8_t val;
   7:Src/pca9685.c **** 
   8:Src/pca9685.c **** 	i2c_master_read(address, reg, 1, &val, 1);
   9:Src/pca9685.c **** 
  10:Src/pca9685.c **** 	return val;
  11:Src/pca9685.c **** }
  12:Src/pca9685.c **** 
  13:Src/pca9685.c **** static void i2c_write_reg8(uint8_t address, uint8_t reg, uint8_t val)
  14:Src/pca9685.c **** {
  25              		.loc 1 14 0
  26              		.cfi_startproc
  27              		@ args = 0, pretend = 0, frame = 8
  28              		@ frame_needed = 0, uses_anonymous_args = 0
  29              	.LVL0:
  30 0000 00B5     		push	{lr}
  31              	.LCFI0:
  32              		.cfi_def_cfa_offset 4
  33              		.cfi_offset 14, -4
  34 0002 83B0     		sub	sp, sp, #12
  35              	.LCFI1:
  36              		.cfi_def_cfa_offset 16
  15:Src/pca9685.c **** 	uint8_t tx_data[2];
  16:Src/pca9685.c **** 	tx_data[0] = reg;
  37              		.loc 1 16 0
  38 0004 01AB     		add	r3, sp, #4
  39 0006 1970     		strb	r1, [r3]
  17:Src/pca9685.c **** 	tx_data[1] = val;
  40              		.loc 1 17 0
  41 0008 5A70     		strb	r2, [r3, #1]
ARM GAS  C:\Users\MARIUS~1\AppData\Local\Temp\ccnlUyIM.s 			page 2


  18:Src/pca9685.c **** 
  19:Src/pca9685.c **** 	i2c_master_write(address, tx_data, 2);
  42              		.loc 1 19 0
  43 000a 0222     		movs	r2, #2
  44              	.LVL1:
  45 000c 1900     		movs	r1, r3
  46              	.LVL2:
  47 000e FFF7FEFF 		bl	i2c_master_write
  48              	.LVL3:
  20:Src/pca9685.c **** }
  49              		.loc 1 20 0
  50 0012 03B0     		add	sp, sp, #12
  51              		@ sp needed
  52 0014 00BD     		pop	{pc}
  53              		.cfi_endproc
  54              	.LFE38:
  56              		.section	.text.i2c_write_reg8_multiple,"ax",%progbits
  57              		.align	1
  58              		.syntax unified
  59              		.code	16
  60              		.thumb_func
  61              		.fpu softvfp
  63              	i2c_write_reg8_multiple:
  64              	.LFB39:
  21:Src/pca9685.c **** 
  22:Src/pca9685.c **** static void i2c_write_reg8_multiple(uint8_t address, uint8_t reg, uint8_t *data, uint8_t len)
  23:Src/pca9685.c **** {
  65              		.loc 1 23 0
  66              		.cfi_startproc
  67              		@ args = 0, pretend = 0, frame = 8
  68              		@ frame_needed = 0, uses_anonymous_args = 0
  69              	.LVL4:
  70 0000 30B5     		push	{r4, r5, lr}
  71              	.LCFI2:
  72              		.cfi_def_cfa_offset 12
  73              		.cfi_offset 4, -12
  74              		.cfi_offset 5, -8
  75              		.cfi_offset 14, -4
  76 0002 83B0     		sub	sp, sp, #12
  77              	.LCFI3:
  78              		.cfi_def_cfa_offset 24
  24:Src/pca9685.c **** 	uint8_t tx_data[5];
  25:Src/pca9685.c **** 	//uint8_t tx_data[len + 1];
  26:Src/pca9685.c **** 	tx_data[0] = reg;
  79              		.loc 1 26 0
  80 0004 6C46     		mov	r4, sp
  81 0006 2170     		strb	r1, [r4]
  82              	.LVL5:
  83              	.LBB2:
  27:Src/pca9685.c **** 
  28:Src/pca9685.c **** 	for (int i = 0; i < len; i++)
  84              		.loc 1 28 0
  85 0008 0021     		movs	r1, #0
  86              	.LVL6:
  87 000a 04E0     		b	.L3
  88              	.LVL7:
  89              	.L4:
ARM GAS  C:\Users\MARIUS~1\AppData\Local\Temp\ccnlUyIM.s 			page 3


  29:Src/pca9685.c **** 		tx_data[i + 1] = data[i];
  90              		.loc 1 29 0 discriminator 3
  91 000c 5418     		adds	r4, r2, r1
  92 000e 0131     		adds	r1, r1, #1
  93              	.LVL8:
  94 0010 2478     		ldrb	r4, [r4]
  95 0012 6D46     		mov	r5, sp
  96 0014 6C54     		strb	r4, [r5, r1]
  97              	.LVL9:
  98              	.L3:
  28:Src/pca9685.c **** 		tx_data[i + 1] = data[i];
  99              		.loc 1 28 0 discriminator 1
 100 0016 8B42     		cmp	r3, r1
 101 0018 F8DC     		bgt	.L4
 102              	.LBE2:
  30:Src/pca9685.c **** 
  31:Src/pca9685.c **** 	i2c_master_write(address, tx_data, len + 1);
 103              		.loc 1 31 0
 104 001a 5A1C     		adds	r2, r3, #1
 105              	.LVL10:
 106 001c 6946     		mov	r1, sp
 107              	.LVL11:
 108 001e FFF7FEFF 		bl	i2c_master_write
 109              	.LVL12:
  32:Src/pca9685.c **** }
 110              		.loc 1 32 0
 111 0022 03B0     		add	sp, sp, #12
 112              		@ sp needed
 113 0024 30BD     		pop	{r4, r5, pc}
 114              		.cfi_endproc
 115              	.LFE39:
 117              		.section	.text.i2c_read_reg8,"ax",%progbits
 118              		.align	1
 119              		.syntax unified
 120              		.code	16
 121              		.thumb_func
 122              		.fpu softvfp
 124              	i2c_read_reg8:
 125              	.LFB37:
   5:Src/pca9685.c **** 	uint8_t val;
 126              		.loc 1 5 0
 127              		.cfi_startproc
 128              		@ args = 0, pretend = 0, frame = 8
 129              		@ frame_needed = 0, uses_anonymous_args = 0
 130              	.LVL13:
 131 0000 10B5     		push	{r4, lr}
 132              	.LCFI4:
 133              		.cfi_def_cfa_offset 8
 134              		.cfi_offset 4, -8
 135              		.cfi_offset 14, -4
 136 0002 84B0     		sub	sp, sp, #16
 137              	.LCFI5:
 138              		.cfi_def_cfa_offset 24
   8:Src/pca9685.c **** 
 139              		.loc 1 8 0
 140 0004 0F24     		movs	r4, #15
 141 0006 6C44     		add	r4, r4, sp
ARM GAS  C:\Users\MARIUS~1\AppData\Local\Temp\ccnlUyIM.s 			page 4


 142 0008 0123     		movs	r3, #1
 143 000a 0093     		str	r3, [sp]
 144 000c 2300     		movs	r3, r4
 145 000e 0122     		movs	r2, #1
 146 0010 FFF7FEFF 		bl	i2c_master_read
 147              	.LVL14:
  10:Src/pca9685.c **** }
 148              		.loc 1 10 0
 149 0014 2078     		ldrb	r0, [r4]
  11:Src/pca9685.c **** 
 150              		.loc 1 11 0
 151 0016 04B0     		add	sp, sp, #16
 152              		@ sp needed
 153 0018 10BD     		pop	{r4, pc}
 154              		.cfi_endproc
 155              	.LFE37:
 157              		.global	__aeabi_ui2d
 158              		.global	__aeabi_ddiv
 159              		.global	__aeabi_dadd
 160              		.global	__aeabi_d2uiz
 161              		.section	.text.pca9685_set_frequency,"ax",%progbits
 162              		.align	1
 163              		.global	pca9685_set_frequency
 164              		.syntax unified
 165              		.code	16
 166              		.thumb_func
 167              		.fpu softvfp
 169              	pca9685_set_frequency:
 170              	.LFB41:
  33:Src/pca9685.c **** 
  34:Src/pca9685.c **** /**
  35:Src/pca9685.c ****  * @brief      Initializes the PCA9685 chip.
  36:Src/pca9685.c ****  *
  37:Src/pca9685.c ****  * Initializes the PCA9685 controller and sets all output pins low.
  38:Src/pca9685.c ****  */
  39:Src/pca9685.c **** void pca9685_init(void)
  40:Src/pca9685.c **** {
  41:Src/pca9685.c **** 	int i;
  42:Src/pca9685.c **** 
  43:Src/pca9685.c **** // set output enable
  44:Src/pca9685.c **** set_OutputEnable_PCA9685();
  45:Src/pca9685.c **** 
  46:Src/pca9685.c **** 
  47:Src/pca9685.c **** 	/* Enable register auto-increment */
  48:Src/pca9685.c **** 	i2c_write_reg8(PCA9685_I2C_ADDR, PCA9685_MODE1, 0x20);
  49:Src/pca9685.c **** 	/* Outputs configured with a totem pole structure, low when disabled */
  50:Src/pca9685.c **** 	i2c_write_reg8(PCA9685_I2C_ADDR, PCA9685_MODE2, 0x10);
  51:Src/pca9685.c **** 
  52:Src/pca9685.c **** 
  53:Src/pca9685.c **** 	/* Turn all pins off */
  54:Src/pca9685.c **** 	for (i = 0; i < 16; i++)
  55:Src/pca9685.c **** 			pca9685_set_pin(i, 0);
  56:Src/pca9685.c **** }
  57:Src/pca9685.c **** 
  58:Src/pca9685.c **** /**
  59:Src/pca9685.c ****  * @brief      Sets the output PWM frequency.
  60:Src/pca9685.c ****  *
ARM GAS  C:\Users\MARIUS~1\AppData\Local\Temp\ccnlUyIM.s 			page 5


  61:Src/pca9685.c ****  * @param[in]  frequency  The requested output frequency.
  62:Src/pca9685.c ****  */
  63:Src/pca9685.c **** void pca9685_set_frequency(uint16_t frequency)
  64:Src/pca9685.c **** {
 171              		.loc 1 64 0
 172              		.cfi_startproc
 173              		@ args = 0, pretend = 0, frame = 0
 174              		@ frame_needed = 0, uses_anonymous_args = 0
 175              	.LVL15:
 176 0000 70B5     		push	{r4, r5, r6, lr}
 177              	.LCFI6:
 178              		.cfi_def_cfa_offset 16
 179              		.cfi_offset 4, -16
 180              		.cfi_offset 5, -12
 181              		.cfi_offset 6, -8
 182              		.cfi_offset 14, -4
  65:Src/pca9685.c **** 	uint32_t prescaler;
  66:Src/pca9685.c **** 	uint8_t mode1;
  67:Src/pca9685.c **** 
  68:Src/pca9685.c **** 	/* clamp requested frequency to valid range */
  69:Src/pca9685.c **** 	if (frequency < 24)
 183              		.loc 1 69 0
 184 0002 1728     		cmp	r0, #23
 185 0004 04D9     		bls	.L9
  70:Src/pca9685.c **** 		frequency = 24;
  71:Src/pca9685.c **** 	if (frequency > 1526)
 186              		.loc 1 71 0
 187 0006 194B     		ldr	r3, .L13
 188 0008 9842     		cmp	r0, r3
 189 000a 02D9     		bls	.L7
  72:Src/pca9685.c **** 		frequency = 1526;
 190              		.loc 1 72 0
 191 000c 1748     		ldr	r0, .L13
 192              	.LVL16:
 193 000e 00E0     		b	.L7
 194              	.LVL17:
 195              	.L9:
  70:Src/pca9685.c **** 		frequency = 24;
 196              		.loc 1 70 0
 197 0010 1820     		movs	r0, #24
 198              	.LVL18:
 199              	.L7:
  73:Src/pca9685.c **** 
  74:Src/pca9685.c **** 	/*
  75:Src/pca9685.c **** 	 * calculate prescaler according to PCA9685 datasheet:
  76:Src/pca9685.c **** 	 * prescaler = (osc_clock / (4096 * pwm_freq)) - 1
  77:Src/pca9685.c **** 	 */
  78:Src/pca9685.c **** 	prescaler = (uint32_t)(((PCA9685_INT_OSC_CLK >> 12) / (double)frequency) + 0.5);
 200              		.loc 1 78 0
 201 0012 FFF7FEFF 		bl	__aeabi_ui2d
 202              	.LVL19:
 203 0016 0200     		movs	r2, r0
 204 0018 0B00     		movs	r3, r1
 205 001a 0020     		movs	r0, #0
 206 001c 1449     		ldr	r1, .L13+4
 207 001e FFF7FEFF 		bl	__aeabi_ddiv
 208              	.LVL20:
ARM GAS  C:\Users\MARIUS~1\AppData\Local\Temp\ccnlUyIM.s 			page 6


 209 0022 0022     		movs	r2, #0
 210 0024 134B     		ldr	r3, .L13+8
 211 0026 FFF7FEFF 		bl	__aeabi_dadd
 212              	.LVL21:
 213 002a FFF7FEFF 		bl	__aeabi_d2uiz
 214              	.LVL22:
  79:Src/pca9685.c **** 	prescaler--;
 215              		.loc 1 79 0
 216 002e 441E     		subs	r4, r0, #1
 217              	.LVL23:
  80:Src/pca9685.c **** 
  81:Src/pca9685.c **** 	/* clamp prescaler to valid range */
  82:Src/pca9685.c **** 	if (prescaler < 0x03)
 218              		.loc 1 82 0
 219 0030 022C     		cmp	r4, #2
 220 0032 03D9     		bls	.L11
  83:Src/pca9685.c **** 		prescaler = 0x03;
  84:Src/pca9685.c **** 	if (prescaler > 0xff)
 221              		.loc 1 84 0
 222 0034 FF2C     		cmp	r4, #255
 223 0036 02D9     		bls	.L8
  85:Src/pca9685.c **** 		prescaler = 0xff;
 224              		.loc 1 85 0
 225 0038 FF24     		movs	r4, #255
 226              	.LVL24:
 227 003a 00E0     		b	.L8
 228              	.LVL25:
 229              	.L11:
  83:Src/pca9685.c **** 		prescaler = 0x03;
 230              		.loc 1 83 0
 231 003c 0324     		movs	r4, #3
 232              	.LVL26:
 233              	.L8:
  86:Src/pca9685.c **** 
  87:Src/pca9685.c **** 	/* Enter sleep mode before setting prescaler */
  88:Src/pca9685.c **** 	mode1 = i2c_read_reg8(PCA9685_I2C_ADDR, PCA9685_MODE1);
 234              		.loc 1 88 0
 235 003e 0021     		movs	r1, #0
 236 0040 4020     		movs	r0, #64
 237 0042 FFF7FEFF 		bl	i2c_read_reg8
 238              	.LVL27:
 239 0046 0500     		movs	r5, r0
 240              	.LVL28:
  89:Src/pca9685.c **** 	i2c_write_reg8(PCA9685_I2C_ADDR, PCA9685_MODE1, mode1 | PCA9685_MODE1_SLEEP);
 241              		.loc 1 89 0
 242 0048 1022     		movs	r2, #16
 243 004a 0243     		orrs	r2, r0
 244 004c D2B2     		uxtb	r2, r2
 245 004e 0021     		movs	r1, #0
 246 0050 4020     		movs	r0, #64
 247              	.LVL29:
 248 0052 FFF7FEFF 		bl	i2c_write_reg8
 249              	.LVL30:
  90:Src/pca9685.c **** 	i2c_write_reg8(PCA9685_I2C_ADDR, PCA9685_PRE_SCALE, prescaler & 0xff);
 250              		.loc 1 90 0
 251 0056 E2B2     		uxtb	r2, r4
 252 0058 FE21     		movs	r1, #254
ARM GAS  C:\Users\MARIUS~1\AppData\Local\Temp\ccnlUyIM.s 			page 7


 253 005a 4020     		movs	r0, #64
 254 005c FFF7FEFF 		bl	i2c_write_reg8
 255              	.LVL31:
  91:Src/pca9685.c **** 	i2c_write_reg8(PCA9685_I2C_ADDR, PCA9685_MODE1, mode1);
 256              		.loc 1 91 0
 257 0060 2A00     		movs	r2, r5
 258 0062 0021     		movs	r1, #0
 259 0064 4020     		movs	r0, #64
 260 0066 FFF7FEFF 		bl	i2c_write_reg8
 261              	.LVL32:
  92:Src/pca9685.c **** }
 262              		.loc 1 92 0
 263              		@ sp needed
 264              	.LVL33:
 265 006a 70BD     		pop	{r4, r5, r6, pc}
 266              	.L14:
 267              		.align	2
 268              	.L13:
 269 006c F6050000 		.word	1526
 270 0070 00D7B740 		.word	1085789952
 271 0074 0000E03F 		.word	1071644672
 272              		.cfi_endproc
 273              	.LFE41:
 275              		.section	.text.pca9685_set_pwm,"ax",%progbits
 276              		.align	1
 277              		.global	pca9685_set_pwm
 278              		.syntax unified
 279              		.code	16
 280              		.thumb_func
 281              		.fpu softvfp
 283              	pca9685_set_pwm:
 284              	.LFB42:
  93:Src/pca9685.c **** 
  94:Src/pca9685.c **** /**
  95:Src/pca9685.c ****  * @brief      Sets the duration for which an output pin should be on or off.
  96:Src/pca9685.c ****  *
  97:Src/pca9685.c ****  * @param[in]  index      The output pin to set.
  98:Src/pca9685.c ****  * @param[in]  ticks_on   The number of ticks for which the pin should be high.
  99:Src/pca9685.c ****  * @param[in]  ticks_off  The number of ticks for which the pin should be low.
 100:Src/pca9685.c ****  *
 101:Src/pca9685.c ****  * Sets the number of ticks for which a given output should be on and off. This
 102:Src/pca9685.c ****  * function is not recommended for setting a simple duty cycle - use
 103:Src/pca9685.c ****  * @a pca9685_set_pin instead.
 104:Src/pca9685.c ****  */
 105:Src/pca9685.c **** void pca9685_set_pwm(uint8_t index, uint16_t ticks_on, uint16_t ticks_off)
 106:Src/pca9685.c **** {
 285              		.loc 1 106 0
 286              		.cfi_startproc
 287              		@ args = 0, pretend = 0, frame = 8
 288              		@ frame_needed = 0, uses_anonymous_args = 0
 289              	.LVL34:
 290 0000 10B5     		push	{r4, lr}
 291              	.LCFI7:
 292              		.cfi_def_cfa_offset 8
 293              		.cfi_offset 4, -8
 294              		.cfi_offset 14, -4
 295 0002 82B0     		sub	sp, sp, #8
ARM GAS  C:\Users\MARIUS~1\AppData\Local\Temp\ccnlUyIM.s 			page 8


 296              	.LCFI8:
 297              		.cfi_def_cfa_offset 16
 107:Src/pca9685.c **** 	uint8_t data[4];
 108:Src/pca9685.c **** 
 109:Src/pca9685.c **** 	data[0] = ticks_on & 0xff;
 298              		.loc 1 109 0
 299 0004 01AC     		add	r4, sp, #4
 300 0006 2170     		strb	r1, [r4]
 110:Src/pca9685.c **** 	data[1] = ticks_on >> 8;
 301              		.loc 1 110 0
 302 0008 090A     		lsrs	r1, r1, #8
 303              	.LVL35:
 304 000a 6170     		strb	r1, [r4, #1]
 111:Src/pca9685.c **** 	data[2] = ticks_off & 0xff;
 305              		.loc 1 111 0
 306 000c A270     		strb	r2, [r4, #2]
 112:Src/pca9685.c **** 	data[3] = ticks_off >> 8;
 307              		.loc 1 112 0
 308 000e 120A     		lsrs	r2, r2, #8
 309              	.LVL36:
 310 0010 E270     		strb	r2, [r4, #3]
 113:Src/pca9685.c **** 
 114:Src/pca9685.c **** 	i2c_write_reg8_multiple(PCA9685_I2C_ADDR, PCA9685_LED0_ON_L + index * PCA9685_LED_OFFSET, data, 4)
 311              		.loc 1 114 0
 312 0012 8000     		lsls	r0, r0, #2
 313              	.LVL37:
 314 0014 0630     		adds	r0, r0, #6
 315 0016 C1B2     		uxtb	r1, r0
 316 0018 0423     		movs	r3, #4
 317 001a 2200     		movs	r2, r4
 318 001c 4020     		movs	r0, #64
 319 001e FFF7FEFF 		bl	i2c_write_reg8_multiple
 320              	.LVL38:
 115:Src/pca9685.c **** }
 321              		.loc 1 115 0
 322 0022 02B0     		add	sp, sp, #8
 323              		@ sp needed
 324 0024 10BD     		pop	{r4, pc}
 325              		.cfi_endproc
 326              	.LFE42:
 328              		.section	.text.pca9685_set_pin,"ax",%progbits
 329              		.align	1
 330              		.global	pca9685_set_pin
 331              		.syntax unified
 332              		.code	16
 333              		.thumb_func
 334              		.fpu softvfp
 336              	pca9685_set_pin:
 337              	.LFB43:
 116:Src/pca9685.c **** 
 117:Src/pca9685.c **** /**
 118:Src/pca9685.c ****  * @brief      Sets an output pin to a duty cycle.
 119:Src/pca9685.c ****  *
 120:Src/pca9685.c ****  * @param[in]  index  The output pin to set.
 121:Src/pca9685.c ****  * @param[in]  val    The duty cycle to set, from 0 to 4095.
 122:Src/pca9685.c ****  */
 123:Src/pca9685.c **** void pca9685_set_pin(uint8_t index, uint16_t val)
ARM GAS  C:\Users\MARIUS~1\AppData\Local\Temp\ccnlUyIM.s 			page 9


 124:Src/pca9685.c **** {
 338              		.loc 1 124 0
 339              		.cfi_startproc
 340              		@ args = 0, pretend = 0, frame = 0
 341              		@ frame_needed = 0, uses_anonymous_args = 0
 342              	.LVL39:
 343 0000 10B5     		push	{r4, lr}
 344              	.LCFI9:
 345              		.cfi_def_cfa_offset 8
 346              		.cfi_offset 4, -8
 347              		.cfi_offset 14, -4
 125:Src/pca9685.c **** 	/* Clamp requested value to valid range */
 126:Src/pca9685.c **** 	if (val > 4095)
 348              		.loc 1 126 0
 349 0002 0B4B     		ldr	r3, .L22
 350 0004 9942     		cmp	r1, r3
 351 0006 07D8     		bhi	.L17
 127:Src/pca9685.c **** 		val = 4095;
 128:Src/pca9685.c **** 
 129:Src/pca9685.c **** 	if (val == 4095)
 352              		.loc 1 129 0
 353 0008 06D0     		beq	.L17
 130:Src/pca9685.c **** 		pca9685_set_pwm(index, 4096, 0); /* special value for 100% DC */
 131:Src/pca9685.c **** 	else if (val == 0)
 354              		.loc 1 131 0
 355 000a 0029     		cmp	r1, #0
 356 000c 0AD0     		beq	.L21
 132:Src/pca9685.c **** 		pca9685_set_pwm(index, 0, 4096);
 133:Src/pca9685.c **** 	else
 134:Src/pca9685.c **** 		pca9685_set_pwm(index, 0, val);
 357              		.loc 1 134 0
 358 000e 0A00     		movs	r2, r1
 359 0010 0021     		movs	r1, #0
 360              	.LVL40:
 361 0012 FFF7FEFF 		bl	pca9685_set_pwm
 362              	.LVL41:
 135:Src/pca9685.c **** }
 363              		.loc 1 135 0
 364 0016 04E0     		b	.L16
 365              	.LVL42:
 366              	.L17:
 130:Src/pca9685.c **** 		pca9685_set_pwm(index, 4096, 0); /* special value for 100% DC */
 367              		.loc 1 130 0
 368 0018 8021     		movs	r1, #128
 369              	.LVL43:
 370 001a 0022     		movs	r2, #0
 371 001c 4901     		lsls	r1, r1, #5
 372 001e FFF7FEFF 		bl	pca9685_set_pwm
 373              	.LVL44:
 374              	.L16:
 375              		.loc 1 135 0
 376              		@ sp needed
 377 0022 10BD     		pop	{r4, pc}
 378              	.LVL45:
 379              	.L21:
 132:Src/pca9685.c **** 		pca9685_set_pwm(index, 0, 4096);
 380              		.loc 1 132 0
ARM GAS  C:\Users\MARIUS~1\AppData\Local\Temp\ccnlUyIM.s 			page 10


 381 0024 8022     		movs	r2, #128
 382 0026 5201     		lsls	r2, r2, #5
 383 0028 FFF7FEFF 		bl	pca9685_set_pwm
 384              	.LVL46:
 385 002c F9E7     		b	.L16
 386              	.L23:
 387 002e C046     		.align	2
 388              	.L22:
 389 0030 FF0F0000 		.word	4095
 390              		.cfi_endproc
 391              	.LFE43:
 393              		.section	.text.pca9685_init,"ax",%progbits
 394              		.align	1
 395              		.global	pca9685_init
 396              		.syntax unified
 397              		.code	16
 398              		.thumb_func
 399              		.fpu softvfp
 401              	pca9685_init:
 402              	.LFB40:
  40:Src/pca9685.c **** 	int i;
 403              		.loc 1 40 0
 404              		.cfi_startproc
 405              		@ args = 0, pretend = 0, frame = 0
 406              		@ frame_needed = 0, uses_anonymous_args = 0
 407 0000 10B5     		push	{r4, lr}
 408              	.LCFI10:
 409              		.cfi_def_cfa_offset 8
 410              		.cfi_offset 4, -8
 411              		.cfi_offset 14, -4
  44:Src/pca9685.c **** 
 412              		.loc 1 44 0
 413 0002 FFF7FEFF 		bl	set_OutputEnable_PCA9685
 414              	.LVL47:
  48:Src/pca9685.c **** 	/* Outputs configured with a totem pole structure, low when disabled */
 415              		.loc 1 48 0
 416 0006 2022     		movs	r2, #32
 417 0008 0021     		movs	r1, #0
 418 000a 4020     		movs	r0, #64
 419 000c FFF7FEFF 		bl	i2c_write_reg8
 420              	.LVL48:
  50:Src/pca9685.c **** 
 421              		.loc 1 50 0
 422 0010 1022     		movs	r2, #16
 423 0012 0121     		movs	r1, #1
 424 0014 4020     		movs	r0, #64
 425 0016 FFF7FEFF 		bl	i2c_write_reg8
 426              	.LVL49:
  54:Src/pca9685.c **** 			pca9685_set_pin(i, 0);
 427              		.loc 1 54 0
 428 001a 0024     		movs	r4, #0
 429 001c 04E0     		b	.L25
 430              	.LVL50:
 431              	.L26:
  55:Src/pca9685.c **** }
 432              		.loc 1 55 0 discriminator 3
 433 001e E0B2     		uxtb	r0, r4
ARM GAS  C:\Users\MARIUS~1\AppData\Local\Temp\ccnlUyIM.s 			page 11


 434 0020 0021     		movs	r1, #0
 435 0022 FFF7FEFF 		bl	pca9685_set_pin
 436              	.LVL51:
  54:Src/pca9685.c **** 			pca9685_set_pin(i, 0);
 437              		.loc 1 54 0 discriminator 3
 438 0026 0134     		adds	r4, r4, #1
 439              	.LVL52:
 440              	.L25:
  54:Src/pca9685.c **** 			pca9685_set_pin(i, 0);
 441              		.loc 1 54 0 is_stmt 0 discriminator 1
 442 0028 0F2C     		cmp	r4, #15
 443 002a F8DD     		ble	.L26
  56:Src/pca9685.c **** 
 444              		.loc 1 56 0 is_stmt 1
 445              		@ sp needed
 446              	.LVL53:
 447 002c 10BD     		pop	{r4, pc}
 448              		.cfi_endproc
 449              	.LFE40:
 451              		.section	.text.pca9685_set_output_enable,"ax",%progbits
 452              		.align	1
 453              		.global	pca9685_set_output_enable
 454              		.syntax unified
 455              		.code	16
 456              		.thumb_func
 457              		.fpu softvfp
 459              	pca9685_set_output_enable:
 460              	.LFB44:
 136:Src/pca9685.c **** 
 137:Src/pca9685.c **** /**
 138:Src/pca9685.c ****  * @brief      Enables or disables all PWM outputs.
 139:Src/pca9685.c ****  *
 140:Src/pca9685.c ****  * @param[in]  enabled  The flag specifying whether to enable or disable the outputs.
 141:Src/pca9685.c ****  */
 142:Src/pca9685.c **** void pca9685_set_output_enable(uint8_t enabled)
 143:Src/pca9685.c **** {
 461              		.loc 1 143 0
 462              		.cfi_startproc
 463              		@ args = 0, pretend = 0, frame = 0
 464              		@ frame_needed = 0, uses_anonymous_args = 0
 465              		@ link register save eliminated.
 466              	.LVL54:
 144:Src/pca9685.c **** 	/* TODO */
 145:Src/pca9685.c **** }
 467              		.loc 1 145 0
 468              		@ sp needed
 469 0000 7047     		bx	lr
 470              		.cfi_endproc
 471              	.LFE44:
 473              		.text
 474              	.Letext0:
 475              		.file 2 "c:\\program files (x86)\\gnu tools arm embedded\\7 2018-q2-update\\arm-none-eabi\\include
 476              		.file 3 "c:\\program files (x86)\\gnu tools arm embedded\\7 2018-q2-update\\arm-none-eabi\\include
 477              		.file 4 "Drivers/CMSIS/Device/ST/STM32F0xx/Include/system_stm32f0xx.h"
 478              		.file 5 "Drivers/CMSIS/Device/ST/STM32F0xx/Include/stm32f030xc.h"
 479              		.file 6 "c:\\program files (x86)\\gnu tools arm embedded\\7 2018-q2-update\\arm-none-eabi\\include
 480              		.file 7 "c:\\program files (x86)\\gnu tools arm embedded\\7 2018-q2-update\\arm-none-eabi\\include
ARM GAS  C:\Users\MARIUS~1\AppData\Local\Temp\ccnlUyIM.s 			page 12


 481              		.file 8 "c:\\program files (x86)\\gnu tools arm embedded\\7 2018-q2-update\\lib\\gcc\\arm-none-eab
 482              		.file 9 "c:\\program files (x86)\\gnu tools arm embedded\\7 2018-q2-update\\arm-none-eabi\\include
 483              		.file 10 "Drivers/STM32F0xx_HAL_Driver/Inc/stm32f0xx_hal_def.h"
 484              		.file 11 "Drivers/STM32F0xx_HAL_Driver/Inc/stm32f0xx_hal_dma.h"
 485              		.file 12 "Drivers/STM32F0xx_HAL_Driver/Inc/stm32f0xx_hal_i2c.h"
 486              		.file 13 "Inc/i2c.h"
ARM GAS  C:\Users\MARIUS~1\AppData\Local\Temp\ccnlUyIM.s 			page 13


DEFINED SYMBOLS
                            *ABS*:00000000 pca9685.c
C:\Users\MARIUS~1\AppData\Local\Temp\ccnlUyIM.s:16     .text.i2c_write_reg8:00000000 $t
C:\Users\MARIUS~1\AppData\Local\Temp\ccnlUyIM.s:22     .text.i2c_write_reg8:00000000 i2c_write_reg8
C:\Users\MARIUS~1\AppData\Local\Temp\ccnlUyIM.s:57     .text.i2c_write_reg8_multiple:00000000 $t
C:\Users\MARIUS~1\AppData\Local\Temp\ccnlUyIM.s:63     .text.i2c_write_reg8_multiple:00000000 i2c_write_reg8_multiple
C:\Users\MARIUS~1\AppData\Local\Temp\ccnlUyIM.s:118    .text.i2c_read_reg8:00000000 $t
C:\Users\MARIUS~1\AppData\Local\Temp\ccnlUyIM.s:124    .text.i2c_read_reg8:00000000 i2c_read_reg8
C:\Users\MARIUS~1\AppData\Local\Temp\ccnlUyIM.s:162    .text.pca9685_set_frequency:00000000 $t
C:\Users\MARIUS~1\AppData\Local\Temp\ccnlUyIM.s:169    .text.pca9685_set_frequency:00000000 pca9685_set_frequency
C:\Users\MARIUS~1\AppData\Local\Temp\ccnlUyIM.s:269    .text.pca9685_set_frequency:0000006c $d
C:\Users\MARIUS~1\AppData\Local\Temp\ccnlUyIM.s:276    .text.pca9685_set_pwm:00000000 $t
C:\Users\MARIUS~1\AppData\Local\Temp\ccnlUyIM.s:283    .text.pca9685_set_pwm:00000000 pca9685_set_pwm
C:\Users\MARIUS~1\AppData\Local\Temp\ccnlUyIM.s:329    .text.pca9685_set_pin:00000000 $t
C:\Users\MARIUS~1\AppData\Local\Temp\ccnlUyIM.s:336    .text.pca9685_set_pin:00000000 pca9685_set_pin
C:\Users\MARIUS~1\AppData\Local\Temp\ccnlUyIM.s:389    .text.pca9685_set_pin:00000030 $d
C:\Users\MARIUS~1\AppData\Local\Temp\ccnlUyIM.s:394    .text.pca9685_init:00000000 $t
C:\Users\MARIUS~1\AppData\Local\Temp\ccnlUyIM.s:401    .text.pca9685_init:00000000 pca9685_init
C:\Users\MARIUS~1\AppData\Local\Temp\ccnlUyIM.s:452    .text.pca9685_set_output_enable:00000000 $t
C:\Users\MARIUS~1\AppData\Local\Temp\ccnlUyIM.s:459    .text.pca9685_set_output_enable:00000000 pca9685_set_output_enable

UNDEFINED SYMBOLS
i2c_master_write
i2c_master_read
__aeabi_ui2d
__aeabi_ddiv
__aeabi_dadd
__aeabi_d2uiz
set_OutputEnable_PCA9685
